2020.04.12 15:40:37 OCR error! hospitalized : az is not a number in ../twitter_images/TCImageHqsrMZ_GOV_PL.2020.04.11.jpg
2020.04.12 15:40:37 OCR error! supervised : }31370 is not a number in ../twitter_images/TCImageHqsrMZ_GOV_PL.2020.04.11.jpg
2020.04.12 15:40:37 OCR error! recovered : )Tk is not a number in ../twitter_images/TCImageHqsrMZ_GOV_PL.2020.04.11.jpg
2020.04.12 15:42:10 OCR error! hospitalized : az is not a number in ../twitter_images/TCImageHqsrMZ_GOV_PL.2020.04.11.jpg
2020.04.12 15:42:10 OCR error! supervised : }31370 is not a number in ../twitter_images/TCImageHqsrMZ_GOV_PL.2020.04.11.jpg
2020.04.12 15:42:10 OCR error! recovered : )Tk is not a number in ../twitter_images/TCImageHqsrMZ_GOV_PL.2020.04.11.jpg
2020.04.12 18:08:51 OCR error! hospitalized : as is not a number in ../twitter_images/TCImageHqsrMZ_GOV_PL.2020.04.12.jpg
2020.04.12 18:08:51 OCR error! quarantined : PRY is not a number in ../twitter_images/TCImageHqsrMZ_GOV_PL.2020.04.12.jpg
2020.04.12 18:08:51 OCR error! recovered : )439 is not a number in ../twitter_images/TCImageHqsrMZ_GOV_PL.2020.04.12.jpg
2020.04.12 18:08:51 OCR error! hospitalized : az is not a number in ../twitter_images/TCImageHqsrMZ_GOV_PL.2020.04.11.jpg
2020.04.12 18:08:51 OCR error! supervised : }31370 is not a number in ../twitter_images/TCImageHqsrMZ_GOV_PL.2020.04.11.jpg
2020.04.12 18:08:51 OCR error! recovered : )Tk is not a number in ../twitter_images/TCImageHqsrMZ_GOV_PL.2020.04.11.jpg
2020.04.12 18:26:37 OCR error! hospitalized : as is not a number in ../twitter_images/TCImageHqsrMZ_GOV_PL.2020.04.12.jpg
2020.04.12 18:26:37 OCR error! quarantined : PRY is not a number in ../twitter_images/TCImageHqsrMZ_GOV_PL.2020.04.12.jpg
2020.04.12 18:26:37 OCR error! recovered : )439 is not a number in ../twitter_images/TCImageHqsrMZ_GOV_PL.2020.04.12.jpg
2020.04.12 18:26:37 OCR error! hospitalized : az is not a number in ../twitter_images/TCImageHqsrMZ_GOV_PL.2020.04.11.jpg
2020.04.12 18:26:37 OCR error! supervised : }31370 is not a number in ../twitter_images/TCImageHqsrMZ_GOV_PL.2020.04.11.jpg
2020.04.12 18:26:37 OCR error! recovered : )Tk is not a number in ../twitter_images/TCImageHqsrMZ_GOV_PL.2020.04.11.jpg
2020.04.12 18:29:11 OCR error! hospitalized : as is not a number in ../twitter_images/TCImageHqsrMZ_GOV_PL.2020.04.12.jpg
2020.04.12 18:29:11 OCR error! quarantined : PRY is not a number in ../twitter_images/TCImageHqsrMZ_GOV_PL.2020.04.12.jpg
2020.04.12 18:29:11 OCR error! recovered : )439 is not a number in ../twitter_images/TCImageHqsrMZ_GOV_PL.2020.04.12.jpg
2020.04.12 18:29:12 OCR error! hospitalized : az is not a number in ../twitter_images/TCImageHqsrMZ_GOV_PL.2020.04.11.jpg
2020.04.12 18:29:12 OCR error! supervised : }31370 is not a number in ../twitter_images/TCImageHqsrMZ_GOV_PL.2020.04.11.jpg
2020.04.12 18:29:12 OCR error! recovered : )Tk is not a number in ../twitter_images/TCImageHqsrMZ_GOV_PL.2020.04.11.jpg
2020.04.12 18:50:27 OCR error! hospitalized : as is not a number in ../twitter_images/TCImageHqsrMZ_GOV_PL.2020.04.12.jpg
2020.04.12 18:50:27 OCR error! quarantined : PRY is not a number in ../twitter_images/TCImageHqsrMZ_GOV_PL.2020.04.12.jpg
2020.04.12 18:50:27 OCR error! recovered : )439 is not a number in ../twitter_images/TCImageHqsrMZ_GOV_PL.2020.04.12.jpg
2020.04.12 18:50:27 OCR error! hospitalized : az is not a number in ../twitter_images/TCImageHqsrMZ_GOV_PL.2020.04.11.jpg
2020.04.12 18:50:27 OCR error! supervised : }31370 is not a number in ../twitter_images/TCImageHqsrMZ_GOV_PL.2020.04.11.jpg
2020.04.12 18:50:27 OCR error! recovered : )Tk is not a number in ../twitter_images/TCImageHqsrMZ_GOV_PL.2020.04.11.jpg
2020.04.12 18:55:30 OCR error! hospitalized : as is not a number in ../twitter_images/TCImageHqsrMZ_GOV_PL.2020.04.12.jpg
2020.04.12 18:55:30 OCR error! quarantined : PRY is not a number in ../twitter_images/TCImageHqsrMZ_GOV_PL.2020.04.12.jpg
2020.04.12 18:55:30 OCR error! recovered : )439 is not a number in ../twitter_images/TCImageHqsrMZ_GOV_PL.2020.04.12.jpg
2020.04.12 18:55:30 OCR error! hospitalized : az is not a number in ../twitter_images/TCImageHqsrMZ_GOV_PL.2020.04.11.jpg
2020.04.12 18:55:30 OCR error! supervised : }31370 is not a number in ../twitter_images/TCImageHqsrMZ_GOV_PL.2020.04.11.jpg
2020.04.12 18:55:30 OCR error! recovered : )Tk is not a number in ../twitter_images/TCImageHqsrMZ_GOV_PL.2020.04.11.jpg
2020.04.12 18:56:04 OCR error! hospitalized : as is not a number in ../twitter_images/TCImageHqsrMZ_GOV_PL.2020.04.12.jpg
2020.04.12 18:56:04 OCR error! quarantined : PRY is not a number in ../twitter_images/TCImageHqsrMZ_GOV_PL.2020.04.12.jpg
2020.04.12 18:56:04 OCR error! recovered : )439 is not a number in ../twitter_images/TCImageHqsrMZ_GOV_PL.2020.04.12.jpg
2020.04.12 18:56:04 OCR error! hospitalized : az is not a number in ../twitter_images/TCImageHqsrMZ_GOV_PL.2020.04.11.jpg
2020.04.12 18:56:04 OCR error! supervised : }31370 is not a number in ../twitter_images/TCImageHqsrMZ_GOV_PL.2020.04.11.jpg
2020.04.12 18:56:04 OCR error! recovered : )Tk is not a number in ../twitter_images/TCImageHqsrMZ_GOV_PL.2020.04.11.jpg
2020.04.12 19:02:10 OCR error! hospitalized : as is not a number in ../twitter_images/TCImageHqsrMZ_GOV_PL.2020.04.12.jpg
2020.04.12 19:04:57 OCR error! hospitalized : as is not a number in ../twitter_images/TCImageHqsrMZ_GOV_PL.2020.04.12.jpg
2020.04.12 19:04:57 OCR error! quarantined : PRY is not a number in ../twitter_images/TCImageHqsrMZ_GOV_PL.2020.04.12.jpg
2020.04.12 19:04:57 OCR error! recovered : )439 is not a number in ../twitter_images/TCImageHqsrMZ_GOV_PL.2020.04.12.jpg
2020.04.12 19:04:57 OCR error! hospitalized : az is not a number in ../twitter_images/TCImageHqsrMZ_GOV_PL.2020.04.11.jpg
2020.04.12 19:04:57 OCR error! supervised : }31370 is not a number in ../twitter_images/TCImageHqsrMZ_GOV_PL.2020.04.11.jpg
2020.04.12 19:04:57 OCR error! recovered : )Tk is not a number in ../twitter_images/TCImageHqsrMZ_GOV_PL.2020.04.11.jpg
2020.04.12 19:05:31 OCR error! hospitalized : as is not a number in ../twitter_images/TCImageHqsrMZ_GOV_PL.2020.04.12.jpg
2020.04.12 19:05:31 OCR error! quarantined : PRY is not a number in ../twitter_images/TCImageHqsrMZ_GOV_PL.2020.04.12.jpg
2020.04.12 19:05:31 OCR error! recovered : )439 is not a number in ../twitter_images/TCImageHqsrMZ_GOV_PL.2020.04.12.jpg
2020.04.12 19:05:31 OCR error! hospitalized : az is not a number in ../twitter_images/TCImageHqsrMZ_GOV_PL.2020.04.11.jpg
2020.04.12 19:05:31 OCR error! supervised : }31370 is not a number in ../twitter_images/TCImageHqsrMZ_GOV_PL.2020.04.11.jpg
2020.04.12 19:05:31 OCR error! recovered : )Tk is not a number in ../twitter_images/TCImageHqsrMZ_GOV_PL.2020.04.11.jpg
2020.04.12 19:16:27 OCR error! hospitalized : as is not a number in ../twitter_images/TCImageHqsrMZ_GOV_PL.2020.04.12.jpg
2020.04.12 19:16:27 OCR error! quarantined : PRY is not a number in ../twitter_images/TCImageHqsrMZ_GOV_PL.2020.04.12.jpg
2020.04.12 19:16:27 OCR error! recovered : )439 is not a number in ../twitter_images/TCImageHqsrMZ_GOV_PL.2020.04.12.jpg
2020.04.12 19:16:27 OCR error! hospitalized : az is not a number in ../twitter_images/TCImageHqsrMZ_GOV_PL.2020.04.11.jpg
2020.04.12 19:16:27 OCR error! supervised : }31370 is not a number in ../twitter_images/TCImageHqsrMZ_GOV_PL.2020.04.11.jpg
2020.04.12 19:16:27 OCR error! recovered : )Tk is not a number in ../twitter_images/TCImageHqsrMZ_GOV_PL.2020.04.11.jpg
2020.04.12 19:18:08 OCR error! hospitalized : as is not a number in ../twitter_images/TCImageHqsrMZ_GOV_PL.2020.04.12.jpg
2020.04.12 19:18:08 OCR error! quarantined : PRY is not a number in ../twitter_images/TCImageHqsrMZ_GOV_PL.2020.04.12.jpg
2020.04.12 19:18:08 OCR error! recovered : )439 is not a number in ../twitter_images/TCImageHqsrMZ_GOV_PL.2020.04.12.jpg
2020.04.12 19:18:09 OCR error! hospitalized : az is not a number in ../twitter_images/TCImageHqsrMZ_GOV_PL.2020.04.11.jpg
2020.04.12 19:18:09 OCR error! supervised : }31370 is not a number in ../twitter_images/TCImageHqsrMZ_GOV_PL.2020.04.11.jpg
2020.04.12 19:18:09 OCR error! recovered : )Tk is not a number in ../twitter_images/TCImageHqsrMZ_GOV_PL.2020.04.11.jpg
2020.04.12 19:19:47 OCR error! hospitalized : as is not a number in ../twitter_images/TCImageHqsrMZ_GOV_PL.2020.04.12.jpg
2020.04.12 19:19:47 OCR error! quarantined : PRY is not a number in ../twitter_images/TCImageHqsrMZ_GOV_PL.2020.04.12.jpg
2020.04.12 19:19:47 OCR error! recovered : )439 is not a number in ../twitter_images/TCImageHqsrMZ_GOV_PL.2020.04.12.jpg
2020.04.12 19:19:47 OCR error! hospitalized : az is not a number in ../twitter_images/TCImageHqsrMZ_GOV_PL.2020.04.11.jpg
2020.04.12 19:19:47 OCR error! supervised : }31370 is not a number in ../twitter_images/TCImageHqsrMZ_GOV_PL.2020.04.11.jpg
2020.04.12 19:19:47 OCR error! recovered : )Tk is not a number in ../twitter_images/TCImageHqsrMZ_GOV_PL.2020.04.11.jpg
2020.04.12 19:20:24 OCR error! hospitalized : as is not a number in ../twitter_images/TCImageHqsrMZ_GOV_PL.2020.04.12.jpg
2020.04.12 19:20:24 OCR error! quarantined : PRY is not a number in ../twitter_images/TCImageHqsrMZ_GOV_PL.2020.04.12.jpg
2020.04.12 19:20:24 OCR error! recovered : )439 is not a number in ../twitter_images/TCImageHqsrMZ_GOV_PL.2020.04.12.jpg
2020.04.12 19:20:24 OCR error! hospitalized : az is not a number in ../twitter_images/TCImageHqsrMZ_GOV_PL.2020.04.11.jpg
2020.04.12 19:20:24 OCR error! supervised : }31370 is not a number in ../twitter_images/TCImageHqsrMZ_GOV_PL.2020.04.11.jpg
2020.04.12 19:20:24 OCR error! recovered : )Tk is not a number in ../twitter_images/TCImageHqsrMZ_GOV_PL.2020.04.11.jpg
2020.04.12 19:21:18 OCR error! hospitalized : as is not a number in ../twitter_images/TCImageHqsrMZ_GOV_PL.2020.04.12.jpg
2020.04.12 19:21:18 OCR error! quarantined : PRY is not a number in ../twitter_images/TCImageHqsrMZ_GOV_PL.2020.04.12.jpg
2020.04.12 19:21:18 OCR error! recovered : )439 is not a number in ../twitter_images/TCImageHqsrMZ_GOV_PL.2020.04.12.jpg
2020.04.12 19:21:18 OCR error! hospitalized : az is not a number in ../twitter_images/TCImageHqsrMZ_GOV_PL.2020.04.11.jpg
2020.04.12 19:21:18 OCR error! supervised : }31370 is not a number in ../twitter_images/TCImageHqsrMZ_GOV_PL.2020.04.11.jpg
2020.04.12 19:21:18 OCR error! recovered : )Tk is not a number in ../twitter_images/TCImageHqsrMZ_GOV_PL.2020.04.11.jpg
2020.04.12 19:26:38 OCR error! hospitalized : as is not a number in ../twitter_images/TCImageHqsrMZ_GOV_PL.2020.04.12.jpg
2020.04.12 19:27:23 OCR error! hospitalized : as is not a number in ../twitter_images/TCImageHqsrMZ_GOV_PL.2020.04.12.jpg
2020.04.12 19:27:23 OCR error! quarantined : PRY is not a number in ../twitter_images/TCImageHqsrMZ_GOV_PL.2020.04.12.jpg
2020.04.12 19:27:23 OCR error! recovered : )439 is not a number in ../twitter_images/TCImageHqsrMZ_GOV_PL.2020.04.12.jpg
2020.04.12 19:27:23 OCR error! hospitalized : az is not a number in ../twitter_images/TCImageHqsrMZ_GOV_PL.2020.04.11.jpg
2020.04.12 19:27:23 OCR error! supervised : }31370 is not a number in ../twitter_images/TCImageHqsrMZ_GOV_PL.2020.04.11.jpg
2020.04.12 19:27:23 OCR error! recovered : )Tk is not a number in ../twitter_images/TCImageHqsrMZ_GOV_PL.2020.04.11.jpg
